VM464:1 Console was cleared
DevTools failed to load SourceMap: Could not load content for chrome-extension://nkbihfbeogaeaoehlefnkodbefgpgknn/sourcemaps/disable-console.js.map: HTTP error: status code 404, net::ERR_UNKNOWN_URL_SCHEME
DevTools failed to load SourceMap: Could not load content for chrome-extension://nkbihfbeogaeaoehlefnkodbefgpgknn/sourcemaps/contentscript.js.map: HTTP error: status code 404, net::ERR_UNKNOWN_URL_SCHEME
DevTools failed to load SourceMap: Could not load content for chrome-extension://nkbihfbeogaeaoehlefnkodbefgpgknn/sourcemaps/inpage.js.map: HTTP error: status code 404, net::ERR_UNKNOWN_URL_SCHEME
typeof 4
"number"
0/0
NaN
typeof NaN
"number"
typeof undefined
"undefined"
4 + 3*4/2
10
13%5**2
13
200 + 0/0
NaN
1/0
Infinity
--enable-ogging --v=1
VM773:1 Uncaught SyntaxError: Unexpected identifier
--enable-logging --v=1
VM779:1 Uncaught SyntaxError: Unexpected identifier
debugout.js
VM833:1 Uncaught ReferenceError: debugout is not defined
    at <anonymous>:1:1
(anonymous) @ VM833:1
debugout
VM852:1 Uncaught ReferenceError: debugout is not defined
    at <anonymous>:1:1
(anonymous) @ VM852:1
// 147. Variables & Let
undefined
12 + 34
46
let year = 1985
undefined
let year = 1985;
undefined
year
1985
let hens = 4;
undefined
let roosters = 4
undefined
hens + roosters
8
hens + 1
5
let totalChickens = hens + roosters
undefined
totalChickens
8
totalChickens = totalChickens + 1
9
totalChickens
9
let proba
undefined
proba=2
2
proba
2
crm
VM1333:1 Uncaught ReferenceError: crm is not defined
    at <anonymous>:1:1
(anonymous) @ VM1333:1
// 148. Updating variables
undefined
let score =0;
undefined
score = 5;
5
score = score + 5;
10
score
10
score +=5;
15
score +=5;
20
score +=5;
25
score +=5;
30
score +=5;
35
score +=5;
40
score +=5;
45
score +=5;
50
score +=5;
55
score +=5;
60
score +=10;
70
score -= 50;
20
score *= 2;
40
score /= 2;
20
score += 1;
21
score -= 1;
20
score++;
20
score
21
score --;
21
